# JRE version: OpenJDK Runtime Environment AdoptOpenJDK (14.0.2+12) (build 14.0.2+12)
# Java VM: OpenJDK 64-Bit Server VM AdoptOpenJDK (14.0.2+12, mixed mode, sharing, tiered, compressed oops, g1 gc, windows-amd64)
Heap:
 garbage-first heap   total 48128K, used 29773K [0x0000000706600000, 0x0000000800000000)
  region size 1024K, 10 young (10240K), 2 survivors (2048K)
 Metaspace       used 46509K, capacity 47785K, committed 48080K, reserved 1091584K
  class space    used 6087K, capacity 6569K, committed 6612K, reserved 1048576K
GC Heap History (20 events):
Event: 3.053 GC heap before
{Heap before GC invocations=7 (full 0):
 garbage-first heap   total 48128K, used 35190K [0x0000000706600000, 0x0000000800000000)
  region size 1024K, 22 young (22528K), 1 survivors (1024K)
 Metaspace       used 25195K, capacity 26093K, committed 26364K, reserved 1073152K
  class space    used 3164K, capacity 3515K, committed 3584K, reserved 1048576K
}
Event: 3.054 GC heap after
{Heap after GC invocations=8 (full 0):
 garbage-first heap   total 48128K, used 14469K [0x0000000706600000, 0x0000000800000000)
  region size 1024K, 1 young (1024K), 1 survivors (1024K)
 Metaspace       used 25195K, capacity 26093K, committed 26364K, reserved 1073152K
  class space    used 3164K, capacity 3515K, committed 3584K, reserved 1048576K
}
Event: 3.118 GC heap before
{Heap before GC invocations=8 (full 0):
 garbage-first heap   total 48128K, used 35973K [0x0000000706600000, 0x0000000800000000)
  region size 1024K, 23 young (23552K), 1 survivors (1024K)
 Metaspace       used 25873K, capacity 26825K, committed 27004K, reserved 1073152K
  class space    used 3225K, capacity 3588K, committed 3712K, reserved 1048576K
}
Event: 3.120 GC heap after
{Heap after GC invocations=9 (full 0):
 garbage-first heap   total 48128K, used 14849K [0x0000000706600000, 0x0000000800000000)
  region size 1024K, 1 young (1024K), 1 survivors (1024K)
 Metaspace       used 25873K, capacity 26825K, committed 27004K, reserved 1073152K
  class space    used 3225K, capacity 3588K, committed 3712K, reserved 1048576K
}
Event: 3.123 GC heap before
{Heap before GC invocations=9 (full 0):
 garbage-first heap   total 48128K, used 36353K [0x0000000706600000, 0x0000000800000000)
  region size 1024K, 23 young (23552K), 1 survivors (1024K)
 Metaspace       used 25873K, capacity 26825K, committed 27004K, reserved 1073152K
  class space    used 3225K, capacity 3588K, committed 3712K, reserved 1048576K
}
Event: 3.124 GC heap after
{Heap after GC invocations=10 (full 0):
 garbage-first heap   total 48128K, used 14928K [0x0000000706600000, 0x0000000800000000)
  region size 1024K, 2 young (2048K), 2 survivors (2048K)
 Metaspace       used 25873K, capacity 26825K, committed 27004K, reserved 1073152K
  class space    used 3225K, capacity 3588K, committed 3712K, reserved 1048576K
}
Event: 3.394 GC heap before
{Heap before GC invocations=10 (full 0):
 garbage-first heap   total 48128K, used 36432K [0x0000000706600000, 0x0000000800000000)
  region size 1024K, 24 young (24576K), 2 survivors (2048K)
 Metaspace       used 27779K, capacity 28758K, committed 29052K, reserved 1075200K
  class space    used 3455K, capacity 3871K, committed 3968K, reserved 1048576K
}
Event: 3.396 GC heap after
{Heap after GC invocations=11 (full 0):
 garbage-first heap   total 48128K, used 15400K [0x0000000706600000, 0x0000000800000000)
  region size 1024K, 2 young (2048K), 2 survivors (2048K)
 Metaspace       used 27779K, capacity 28758K, committed 29052K, reserved 1075200K
  class space    used 3455K, capacity 3871K, committed 3968K, reserved 1048576K
}
Event: 3.626 GC heap before
{Heap before GC invocations=11 (full 0):
 garbage-first heap   total 48128K, used 37928K [0x0000000706600000, 0x0000000800000000)
  region size 1024K, 25 young (25600K), 2 survivors (2048K)
 Metaspace       used 30821K, capacity 31850K, committed 31996K, reserved 1077248K
  class space    used 3883K, capacity 4298K, committed 4352K, reserved 1048576K
}
Event: 3.628 GC heap after
{Heap after GC invocations=12 (full 0):
 garbage-first heap   total 48128K, used 16578K [0x0000000706600000, 0x0000000800000000)
  region size 1024K, 3 young (3072K), 3 survivors (3072K)
 Metaspace       used 30821K, capacity 31850K, committed 31996K, reserved 1077248K
  class space    used 3883K, capacity 4298K, committed 4352K, reserved 1048576K
}
Event: 3.793 GC heap before
{Heap before GC invocations=12 (full 0):
 garbage-first heap   total 48128K, used 39106K [0x0000000706600000, 0x0000000800000000)
  region size 1024K, 25 young (25600K), 3 survivors (3072K)
 Metaspace       used 34146K, capacity 35262K, committed 35452K, reserved 1079296K
  class space    used 4470K, capacity 4902K, committed 4992K, reserved 1048576K
}
Event: 3.796 GC heap after
{Heap after GC invocations=13 (full 0):
 garbage-first heap   total 48128K, used 17436K [0x0000000706600000, 0x0000000800000000)
  region size 1024K, 3 young (3072K), 3 survivors (3072K)
 Metaspace       used 34146K, capacity 35262K, committed 35452K, reserved 1079296K
  class space    used 4470K, capacity 4902K, committed 4992K, reserved 1048576K
}
Event: 3.835 GC heap before
{Heap before GC invocations=13 (full 0):
 garbage-first heap   total 48128K, used 20508K [0x0000000706600000, 0x0000000800000000)
  region size 1024K, 7 young (7168K), 3 survivors (3072K)
 Metaspace       used 34943K, capacity 35993K, committed 36048K, reserved 1081344K
  class space    used 4616K, capacity 5038K, committed 5076K, reserved 1048576K
}
Event: 3.838 GC heap after
{Heap after GC invocations=14 (full 0):
 garbage-first heap   total 48128K, used 17776K [0x0000000706600000, 0x0000000800000000)
  region size 1024K, 2 young (2048K), 2 survivors (2048K)
 Metaspace       used 34943K, capacity 35993K, committed 36048K, reserved 1081344K
  class space    used 4616K, capacity 5038K, committed 5076K, reserved 1048576K
}
Event: 4.043 GC heap before
{Heap before GC invocations=15 (full 0):
 garbage-first heap   total 48128K, used 38256K [0x0000000706600000, 0x0000000800000000)
  region size 1024K, 22 young (22528K), 2 survivors (2048K)
 Metaspace       used 38908K, capacity 39985K, committed 40144K, reserved 1083392K
  class space    used 5109K, capacity 5536K, committed 5588K, reserved 1048576K
}
Event: 4.045 GC heap after
{Heap after GC invocations=16 (full 0):
 garbage-first heap   total 48128K, used 19299K [0x0000000706600000, 0x0000000800000000)
  region size 1024K, 3 young (3072K), 3 survivors (3072K)
 Metaspace       used 38908K, capacity 39985K, committed 40144K, reserved 1083392K
  class space    used 5109K, capacity 5536K, committed 5588K, reserved 1048576K
}
Event: 4.254 GC heap before
{Heap before GC invocations=16 (full 0):
 garbage-first heap   total 48128K, used 36707K [0x0000000706600000, 0x0000000800000000)
  region size 1024K, 21 young (21504K), 3 survivors (3072K)
 Metaspace       used 43935K, capacity 45185K, committed 45520K, reserved 1089536K
  class space    used 5736K, capacity 6217K, committed 6356K, reserved 1048576K
}
Event: 4.257 GC heap after
{Heap after GC invocations=17 (full 0):
 garbage-first heap   total 48128K, used 21208K [0x0000000706600000, 0x0000000800000000)
  region size 1024K, 3 young (3072K), 3 survivors (3072K)
 Metaspace       used 43935K, capacity 45185K, committed 45520K, reserved 1089536K
  class space    used 5736K, capacity 6217K, committed 6356K, reserved 1048576K
}
Event: 4.386 GC heap before
{Heap before GC invocations=17 (full 0):
 garbage-first heap   total 48128K, used 36568K [0x0000000706600000, 0x0000000800000000)
  region size 1024K, 19 young (19456K), 3 survivors (3072K)
 Metaspace       used 45757K, capacity 46979K, committed 47312K, reserved 1089536K
  class space    used 6000K, capacity 6471K, committed 6612K, reserved 1048576K
}
Event: 4.389 GC heap after
{Heap after GC invocations=18 (full 0):
 garbage-first heap   total 48128K, used 22605K [0x0000000706600000, 0x0000000800000000)
  region size 1024K, 2 young (2048K), 2 survivors (2048K)
 Metaspace       used 45757K, capacity 46979K, committed 47312K, reserved 1089536K
  class space    used 6000K, capacity 6471K, committed 6612K, reserved 1048576K
}

